<?xml version="1.0" encoding="UTF-8"?>
<robot generator="Robot 7.3.2 (Python 3.12.3 on linux)" generated="2025-09-17T20:17:41.877455" rpa="false" schemaversion="5">
<suite id="s1" name="authTests" source="/home/aqu4tro/Desktop/Robot-Api-Pratice/tests/authTests/authTests.robot">
<test id="s1-t1" name="Cenario 1 - Login efetuado e Token Gerado Com Sucesso" line="5">
<kw name="Efetuar Login e Gerar Token" owner="authResource">
<kw name="Create Session" owner="RequestsLibrary">
<msg time="2025-09-17T20:17:41.986126" level="INFO">Creating Session using : alias=auth, url=https://restful-booker.herokuapp.com, headers={},                     cookies={}, auth=None, timeout=None, proxies=None, verify=False,                     debug=0 </msg>
<arg>auth</arg>
<arg>${BASE_URL}</arg>
<doc>Create Session: create a HTTP session to a server</doc>
<status status="PASS" start="2025-09-17T20:17:41.985886" elapsed="0.000477"/>
</kw>
<kw name="Create Dictionary" owner="BuiltIn">
<msg time="2025-09-17T20:17:41.987011" level="INFO">${request} = {'username': 'admin', 'password': 'password123'}</msg>
<var>${request}</var>
<arg>username=${USERNAME}</arg>
<arg>password=${PASSWORD}</arg>
<doc>Creates and returns a dictionary based on the given ``items``.</doc>
<status status="PASS" start="2025-09-17T20:17:41.986532" elapsed="0.000515"/>
</kw>
<kw name="POST On Session" owner="RequestsLibrary">
<msg time="2025-09-17T20:17:42.423030" level="INFO">POST Request : url=https://restful-booker.herokuapp.com/auth 
 path_url=/auth 
 headers={'User-Agent': 'python-requests/2.32.5', 'Accept-Encoding': 'gzip, deflate', 'Accept': '*/*', 'Connection': 'keep-alive', 'Content-Length': '48', 'Content-Type': 'application/json'} 
 body=b'{"username": "admin", "password": "password123"}' 
 </msg>
<msg time="2025-09-17T20:17:42.423581" level="INFO">POST Response : url=https://restful-booker.herokuapp.com/auth 
 status=200, reason=OK 
 headers={'Content-Length': '27', 'Content-Type': 'application/json; charset=utf-8', 'Date': 'Wed, 17 Sep 2025 23:17:42 GMT', 'Etag': 'W/"1b-9RoVxOUpSdqqajoGuA406MN2ptk"', 'Nel': '{"report_to":"heroku-nel","response_headers":["Via"],"max_age":3600,"success_fraction":0.01,"failure_fraction":0.1}', 'Report-To': '{"group":"heroku-nel","endpoints":[{"url":"https://nel.heroku.com/reports?s=Gw98OmuJBwRZrHXqHbgP%2BwgTgJzemmjbJuwaxDc9u3w%3D\\u0026sid=c46efe9b-d3d2-4a0c-8c76-bfafa16c5add\\u0026ts=1758151062"}],"max_age":3600}', 'Reporting-Endpoints': 'heroku-nel="https://nel.heroku.com/reports?s=Gw98OmuJBwRZrHXqHbgP%2BwgTgJzemmjbJuwaxDc9u3w%3D&amp;sid=c46efe9b-d3d2-4a0c-8c76-bfafa16c5add&amp;ts=1758151062"', 'Server': 'Heroku', 'Via': '1.1 heroku-router', 'X-Powered-By': 'Express'} 
 body={"token":"f3504d42d90c8bc"} 
 </msg>
<msg time="2025-09-17T20:17:42.423736" level="INFO">/home/aqu4tro/Desktop/Robot-Api-Pratice/venv/lib/python3.12/site-packages/urllib3/connectionpool.py:1097: InsecureRequestWarning: Unverified HTTPS request is being made to host 'restful-booker.herokuapp.com'. Adding certificate verification is strongly advised. See: https://urllib3.readthedocs.io/en/latest/advanced-usage.html#tls-warnings
  warnings.warn(</msg>
<msg time="2025-09-17T20:17:42.424075" level="INFO">${response} = &lt;Response [200]&gt;</msg>
<var>${response}</var>
<arg>auth</arg>
<arg>${AUTH_ENDPOINT}</arg>
<arg>json=${request}</arg>
<doc>Sends a POST request on a previously created HTTP Session.</doc>
<status status="PASS" start="2025-09-17T20:17:41.987178" elapsed="0.437002"/>
</kw>
<kw name="Log To Console" owner="BuiltIn">
<arg>Response: ${response.json()}</arg>
<doc>Logs the given message to the console.</doc>
<status status="PASS" start="2025-09-17T20:17:42.424591" elapsed="0.001309"/>
</kw>
<kw name="Should Be Equal As Integers" owner="BuiltIn">
<msg time="2025-09-17T20:17:42.427284" level="INFO">Argument types are:
&lt;class 'int'&gt;
&lt;class 'str'&gt;</msg>
<arg>${response.status_code}</arg>
<arg>200</arg>
<doc>Fails if objects are unequal after converting them to integers.</doc>
<status status="PASS" start="2025-09-17T20:17:42.426242" elapsed="0.001199"/>
</kw>
<kw name="Get From Dictionary" owner="Collections">
<msg time="2025-09-17T20:17:42.428842" level="INFO">${token} = f3504d42d90c8bc</msg>
<var>${token}</var>
<arg>${response.json()}</arg>
<arg>token</arg>
<doc>Returns a value from the given ``dictionary`` based on the given ``key``.</doc>
<status status="PASS" start="2025-09-17T20:17:42.427722" elapsed="0.001212"/>
</kw>
<return>
<value>${token}</value>
<status status="PASS" start="2025-09-17T20:17:42.429075" elapsed="0.000124"/>
</return>
<msg time="2025-09-17T20:17:42.429652" level="INFO">${token} = f3504d42d90c8bc</msg>
<var>${token}</var>
<doc>Após realizar o post para o endpoint /auth gera um token</doc>
<status status="PASS" start="2025-09-17T20:17:41.985066" elapsed="0.444670"/>
</kw>
<kw name="Log To Console" owner="BuiltIn">
<arg>Token: ${token}</arg>
<doc>Logs the given message to the console.</doc>
<status status="PASS" start="2025-09-17T20:17:42.430250" elapsed="0.000624"/>
</kw>
<kw name="Should Not Be Empty" owner="BuiltIn">
<msg time="2025-09-17T20:17:42.431768" level="INFO">Length is 15.</msg>
<arg>${token}</arg>
<doc>Verifies that the given item is not empty.</doc>
<status status="PASS" start="2025-09-17T20:17:42.431329" elapsed="0.000620"/>
</kw>
<status status="PASS" start="2025-09-17T20:17:41.984089" elapsed="0.448328"/>
</test>
<status status="PASS" start="2025-09-17T20:17:41.879029" elapsed="0.554480"/>
</suite>
<statistics>
<total>
<stat pass="1" fail="0" skip="0">All Tests</stat>
</total>
<tag>
</tag>
<suite>
<stat name="authTests" id="s1" pass="1" fail="0" skip="0">authTests</stat>
</suite>
</statistics>
<errors>
</errors>
</robot>
